<?xml version="1.0" encoding="UTF-8"?>
<!-- Generated by org.testng.reporters.JUnitReportReporter -->
<testsuite hostname="Abhijith" failures="0" tests="2" name="OFOS.OFOS_Register_001_Test" time="1.607" errors="0" timestamp="2023-08-07T12:08:52 IST" skipped="0">
  <testcase classname="OFOS.OFOS_Register_001_Test" name="register" time="0.666"/>
  <system-out/>
  <testcase classname="OFOS.OFOS_Register_001_Test" name="register" time="0.941"/>
  <system-out/>
</testsuite> <!-- OFOS.OFOS_Register_001_Test -->
