<?xml version="1.0" encoding="UTF-8"?>
<!-- Generated by org.testng.reporters.JUnitReportReporter -->
<testsuite hostname="Abhijith" failures="0" tests="1" name="OFOS.OFOS_MyOrders_009_Test" time="8.677" errors="0" timestamp="2023-08-07T12:08:52 IST" skipped="0">
  <testcase classname="OFOS.OFOS_MyOrders_009_Test" name="deleteOrder" time="8.677"/>
  <system-out/>
</testsuite> <!-- OFOS.OFOS_MyOrders_009_Test -->
