<?xml version="1.0" encoding="UTF-8"?>
<!-- Generated by org.testng.reporters.JUnitReportReporter -->
<testsuite hostname="Abhijith" failures="0" tests="1" name="OFOS.OFOS_Cart_004_Test" time="10.975" errors="0" timestamp="2023-08-07T12:08:52 IST" skipped="0">
  <testcase classname="OFOS.OFOS_Cart_004_Test" name="addToCartFromRestaurant" time="10.975"/>
  <system-out/>
</testsuite> <!-- OFOS.OFOS_Cart_004_Test -->
