<?xml version="1.0" encoding="UTF-8"?>
<!-- Generated by org.testng.reporters.JUnitReportReporter -->
<testsuite hostname="Abhijith" failures="0" tests="1" name="test_Scripts.TestScript1" time="7.124" errors="0" timestamp="2023-08-01T11:46:07 IST" skipped="0">
  <testcase classname="test_Scripts.TestScript1" name="testScript1" time="7.124"/>
  <system-out/>
</testsuite> <!-- test_Scripts.TestScript1 -->
